ERROR - 2026-07-20 09:17:39 --> Error connecting to the database: Exception: Unable to open database: unable to open database file in /home/nofy/Documents/SI-IHM/Examen-Final-S4/Simulateur-Mobile-Money/system/Database/SQLite3/Connection.php:111
Stack trace:
#0 /home/nofy/Documents/SI-IHM/Examen-Final-S4/Simulateur-Mobile-Money/system/Database/SQLite3/Connection.php(111): SQLite3->__construct()
#1 /home/nofy/Documents/SI-IHM/Examen-Final-S4/Simulateur-Mobile-Money/system/Database/BaseConnection.php(555): CodeIgniter\Database\SQLite3\Connection->connect()
#2 /home/nofy/Documents/SI-IHM/Examen-Final-S4/Simulateur-Mobile-Money/system/Database/SQLite3/Connection.php(74): CodeIgniter\Database\BaseConnection->initialize()
#3 /home/nofy/Documents/SI-IHM/Examen-Final-S4/Simulateur-Mobile-Money/system/Database/BaseConnection.php(795): CodeIgniter\Database\SQLite3\Connection->initialize()
#4 /home/nofy/Documents/SI-IHM/Examen-Final-S4/Simulateur-Mobile-Money/system/Database/BaseBuilder.php(1649): CodeIgniter\Database\BaseConnection->query()
#5 /home/nofy/Documents/SI-IHM/Examen-Final-S4/Simulateur-Mobile-Money/system/Model.php(253): CodeIgniter\Database\BaseBuilder->get()
#6 /home/nofy/Documents/SI-IHM/Examen-Final-S4/Simulateur-Mobile-Money/system/BaseModel.php(676): CodeIgniter\Model->doFindAll()
#7 /home/nofy/Documents/SI-IHM/Examen-Final-S4/Simulateur-Mobile-Money/app/Controllers/AuthController.php(26): CodeIgniter\BaseModel->findAll()
#8 /home/nofy/Documents/SI-IHM/Examen-Final-S4/Simulateur-Mobile-Money/system/CodeIgniter.php(951): App\Controllers\AuthController->login()
#9 /home/nofy/Documents/SI-IHM/Examen-Final-S4/Simulateur-Mobile-Money/system/CodeIgniter.php(497): CodeIgniter\CodeIgniter->runController()
#10 /home/nofy/Documents/SI-IHM/Examen-Final-S4/Simulateur-Mobile-Money/system/CodeIgniter.php(340): CodeIgniter\CodeIgniter->handleRequest()
#11 /home/nofy/Documents/SI-IHM/Examen-Final-S4/Simulateur-Mobile-Money/system/Boot.php(417): CodeIgniter\CodeIgniter->run()
#12 /home/nofy/Documents/SI-IHM/Examen-Final-S4/Simulateur-Mobile-Money/system/Boot.php(68): CodeIgniter\Boot::runCodeIgniter()
#13 /home/nofy/Documents/SI-IHM/Examen-Final-S4/Simulateur-Mobile-Money/public/index.php(59): CodeIgniter\Boot::bootWeb()
#14 /home/nofy/Documents/SI-IHM/Examen-Final-S4/Simulateur-Mobile-Money/system/rewrite.php(44): require_once('...')
#15 {main}

Next CodeIgniter\Database\Exceptions\DatabaseException: SQLite3 error: Unable to open database: unable to open database file in /home/nofy/Documents/SI-IHM/Examen-Final-S4/Simulateur-Mobile-Money/system/Database/SQLite3/Connection.php:118
Stack trace:
#0 /home/nofy/Documents/SI-IHM/Examen-Final-S4/Simulateur-Mobile-Money/system/Database/BaseConnection.php(555): CodeIgniter\Database\SQLite3\Connection->connect()
#1 /home/nofy/Documents/SI-IHM/Examen-Final-S4/Simulateur-Mobile-Money/system/Database/SQLite3/Connection.php(74): CodeIgniter\Database\BaseConnection->initialize()
#2 /home/nofy/Documents/SI-IHM/Examen-Final-S4/Simulateur-Mobile-Money/system/Database/BaseConnection.php(795): CodeIgniter\Database\SQLite3\Connection->initialize()
#3 /home/nofy/Documents/SI-IHM/Examen-Final-S4/Simulateur-Mobile-Money/system/Database/BaseBuilder.php(1649): CodeIgniter\Database\BaseConnection->query()
#4 /home/nofy/Documents/SI-IHM/Examen-Final-S4/Simulateur-Mobile-Money/system/Model.php(253): CodeIgniter\Database\BaseBuilder->get()
#5 /home/nofy/Documents/SI-IHM/Examen-Final-S4/Simulateur-Mobile-Money/system/BaseModel.php(676): CodeIgniter\Model->doFindAll()
#6 /home/nofy/Documents/SI-IHM/Examen-Final-S4/Simulateur-Mobile-Money/app/Controllers/AuthController.php(26): CodeIgniter\BaseModel->findAll()
#7 /home/nofy/Documents/SI-IHM/Examen-Final-S4/Simulateur-Mobile-Money/system/CodeIgniter.php(951): App\Controllers\AuthController->login()
#8 /home/nofy/Documents/SI-IHM/Examen-Final-S4/Simulateur-Mobile-Money/system/CodeIgniter.php(497): CodeIgniter\CodeIgniter->runController()
#9 /home/nofy/Documents/SI-IHM/Examen-Final-S4/Simulateur-Mobile-Money/system/CodeIgniter.php(340): CodeIgniter\CodeIgniter->handleRequest()
#10 /home/nofy/Documents/SI-IHM/Examen-Final-S4/Simulateur-Mobile-Money/system/Boot.php(417): CodeIgniter\CodeIgniter->run()
#11 /home/nofy/Documents/SI-IHM/Examen-Final-S4/Simulateur-Mobile-Money/system/Boot.php(68): CodeIgniter\Boot::runCodeIgniter()
#12 /home/nofy/Documents/SI-IHM/Examen-Final-S4/Simulateur-Mobile-Money/public/index.php(59): CodeIgniter\Boot::bootWeb()
#13 /home/nofy/Documents/SI-IHM/Examen-Final-S4/Simulateur-Mobile-Money/system/rewrite.php(44): require_once('...')
#14 {main}
CRITICAL - 2026-07-20 09:17:39 --> CodeIgniter\Database\Exceptions\DatabaseException: Unable to connect to the database.
Main connection [SQLite3]: SQLite3 error: Unable to open database: unable to open database file
[Method: POST, Route: auth/login]
in SYSTEMPATH/Database/BaseConnection.php on line 606.
 1 SYSTEMPATH/Database/SQLite3/Connection.php(74): CodeIgniter\Database\BaseConnection->initialize()
 2 SYSTEMPATH/Database/BaseConnection.php(795): CodeIgniter\Database\SQLite3\Connection->initialize()
 3 SYSTEMPATH/Database/BaseBuilder.php(1649): CodeIgniter\Database\BaseConnection->query()
 4 SYSTEMPATH/Model.php(253): CodeIgniter\Database\BaseBuilder->get()
 5 SYSTEMPATH/BaseModel.php(676): CodeIgniter\Model->doFindAll()
 6 APPPATH/Controllers/AuthController.php(26): CodeIgniter\BaseModel->findAll()
 7 SYSTEMPATH/CodeIgniter.php(951): App\Controllers\AuthController->login()
 8 SYSTEMPATH/CodeIgniter.php(497): CodeIgniter\CodeIgniter->runController()
 9 SYSTEMPATH/CodeIgniter.php(340): CodeIgniter\CodeIgniter->handleRequest()
10 SYSTEMPATH/Boot.php(417): CodeIgniter\CodeIgniter->run()
11 SYSTEMPATH/Boot.php(68): CodeIgniter\Boot::runCodeIgniter()
12 FCPATH/index.php(59): CodeIgniter\Boot::bootWeb()
13 SYSTEMPATH/rewrite.php(44): require_once('/home/nofy/Documents/SI-IHM/Examen-Final-S4/Simulateur-Mobile-Money/public/index.php')
ERROR - 2026-07-20 09:20:33 --> Error connecting to the database: Exception: Unable to open database: unable to open database file in /home/nofy/Documents/SI-IHM/Examen-Final-S4/Simulateur-Mobile-Money/system/Database/SQLite3/Connection.php:111
Stack trace:
#0 /home/nofy/Documents/SI-IHM/Examen-Final-S4/Simulateur-Mobile-Money/system/Database/SQLite3/Connection.php(111): SQLite3->__construct()
#1 /home/nofy/Documents/SI-IHM/Examen-Final-S4/Simulateur-Mobile-Money/system/Database/BaseConnection.php(555): CodeIgniter\Database\SQLite3\Connection->connect()
#2 /home/nofy/Documents/SI-IHM/Examen-Final-S4/Simulateur-Mobile-Money/system/Database/SQLite3/Connection.php(74): CodeIgniter\Database\BaseConnection->initialize()
#3 /home/nofy/Documents/SI-IHM/Examen-Final-S4/Simulateur-Mobile-Money/system/Database/BaseConnection.php(795): CodeIgniter\Database\SQLite3\Connection->initialize()
#4 /home/nofy/Documents/SI-IHM/Examen-Final-S4/Simulateur-Mobile-Money/system/Database/BaseBuilder.php(1649): CodeIgniter\Database\BaseConnection->query()
#5 /home/nofy/Documents/SI-IHM/Examen-Final-S4/Simulateur-Mobile-Money/system/Model.php(253): CodeIgniter\Database\BaseBuilder->get()
#6 /home/nofy/Documents/SI-IHM/Examen-Final-S4/Simulateur-Mobile-Money/system/BaseModel.php(676): CodeIgniter\Model->doFindAll()
#7 /home/nofy/Documents/SI-IHM/Examen-Final-S4/Simulateur-Mobile-Money/app/Controllers/AuthController.php(26): CodeIgniter\BaseModel->findAll()
#8 /home/nofy/Documents/SI-IHM/Examen-Final-S4/Simulateur-Mobile-Money/system/CodeIgniter.php(951): App\Controllers\AuthController->login()
#9 /home/nofy/Documents/SI-IHM/Examen-Final-S4/Simulateur-Mobile-Money/system/CodeIgniter.php(497): CodeIgniter\CodeIgniter->runController()
#10 /home/nofy/Documents/SI-IHM/Examen-Final-S4/Simulateur-Mobile-Money/system/CodeIgniter.php(340): CodeIgniter\CodeIgniter->handleRequest()
#11 /home/nofy/Documents/SI-IHM/Examen-Final-S4/Simulateur-Mobile-Money/system/Boot.php(417): CodeIgniter\CodeIgniter->run()
#12 /home/nofy/Documents/SI-IHM/Examen-Final-S4/Simulateur-Mobile-Money/system/Boot.php(68): CodeIgniter\Boot::runCodeIgniter()
#13 /home/nofy/Documents/SI-IHM/Examen-Final-S4/Simulateur-Mobile-Money/public/index.php(59): CodeIgniter\Boot::bootWeb()
#14 /home/nofy/Documents/SI-IHM/Examen-Final-S4/Simulateur-Mobile-Money/system/rewrite.php(44): require_once('...')
#15 {main}

Next CodeIgniter\Database\Exceptions\DatabaseException: SQLite3 error: Unable to open database: unable to open database file in /home/nofy/Documents/SI-IHM/Examen-Final-S4/Simulateur-Mobile-Money/system/Database/SQLite3/Connection.php:118
Stack trace:
#0 /home/nofy/Documents/SI-IHM/Examen-Final-S4/Simulateur-Mobile-Money/system/Database/BaseConnection.php(555): CodeIgniter\Database\SQLite3\Connection->connect()
#1 /home/nofy/Documents/SI-IHM/Examen-Final-S4/Simulateur-Mobile-Money/system/Database/SQLite3/Connection.php(74): CodeIgniter\Database\BaseConnection->initialize()
#2 /home/nofy/Documents/SI-IHM/Examen-Final-S4/Simulateur-Mobile-Money/system/Database/BaseConnection.php(795): CodeIgniter\Database\SQLite3\Connection->initialize()
#3 /home/nofy/Documents/SI-IHM/Examen-Final-S4/Simulateur-Mobile-Money/system/Database/BaseBuilder.php(1649): CodeIgniter\Database\BaseConnection->query()
#4 /home/nofy/Documents/SI-IHM/Examen-Final-S4/Simulateur-Mobile-Money/system/Model.php(253): CodeIgniter\Database\BaseBuilder->get()
#5 /home/nofy/Documents/SI-IHM/Examen-Final-S4/Simulateur-Mobile-Money/system/BaseModel.php(676): CodeIgniter\Model->doFindAll()
#6 /home/nofy/Documents/SI-IHM/Examen-Final-S4/Simulateur-Mobile-Money/app/Controllers/AuthController.php(26): CodeIgniter\BaseModel->findAll()
#7 /home/nofy/Documents/SI-IHM/Examen-Final-S4/Simulateur-Mobile-Money/system/CodeIgniter.php(951): App\Controllers\AuthController->login()
#8 /home/nofy/Documents/SI-IHM/Examen-Final-S4/Simulateur-Mobile-Money/system/CodeIgniter.php(497): CodeIgniter\CodeIgniter->runController()
#9 /home/nofy/Documents/SI-IHM/Examen-Final-S4/Simulateur-Mobile-Money/system/CodeIgniter.php(340): CodeIgniter\CodeIgniter->handleRequest()
#10 /home/nofy/Documents/SI-IHM/Examen-Final-S4/Simulateur-Mobile-Money/system/Boot.php(417): CodeIgniter\CodeIgniter->run()
#11 /home/nofy/Documents/SI-IHM/Examen-Final-S4/Simulateur-Mobile-Money/system/Boot.php(68): CodeIgniter\Boot::runCodeIgniter()
#12 /home/nofy/Documents/SI-IHM/Examen-Final-S4/Simulateur-Mobile-Money/public/index.php(59): CodeIgniter\Boot::bootWeb()
#13 /home/nofy/Documents/SI-IHM/Examen-Final-S4/Simulateur-Mobile-Money/system/rewrite.php(44): require_once('...')
#14 {main}
CRITICAL - 2026-07-20 09:20:33 --> CodeIgniter\Database\Exceptions\DatabaseException: Unable to connect to the database.
Main connection [SQLite3]: SQLite3 error: Unable to open database: unable to open database file
[Method: POST, Route: auth/login]
in SYSTEMPATH/Database/BaseConnection.php on line 606.
 1 SYSTEMPATH/Database/SQLite3/Connection.php(74): CodeIgniter\Database\BaseConnection->initialize()
 2 SYSTEMPATH/Database/BaseConnection.php(795): CodeIgniter\Database\SQLite3\Connection->initialize()
 3 SYSTEMPATH/Database/BaseBuilder.php(1649): CodeIgniter\Database\BaseConnection->query()
 4 SYSTEMPATH/Model.php(253): CodeIgniter\Database\BaseBuilder->get()
 5 SYSTEMPATH/BaseModel.php(676): CodeIgniter\Model->doFindAll()
 6 APPPATH/Controllers/AuthController.php(26): CodeIgniter\BaseModel->findAll()
 7 SYSTEMPATH/CodeIgniter.php(951): App\Controllers\AuthController->login()
 8 SYSTEMPATH/CodeIgniter.php(497): CodeIgniter\CodeIgniter->runController()
 9 SYSTEMPATH/CodeIgniter.php(340): CodeIgniter\CodeIgniter->handleRequest()
10 SYSTEMPATH/Boot.php(417): CodeIgniter\CodeIgniter->run()
11 SYSTEMPATH/Boot.php(68): CodeIgniter\Boot::runCodeIgniter()
12 FCPATH/index.php(59): CodeIgniter\Boot::bootWeb()
13 SYSTEMPATH/rewrite.php(44): require_once('/home/nofy/Documents/SI-IHM/Examen-Final-S4/Simulateur-Mobile-Money/public/index.php')
ERROR - 2026-07-20 09:22:46 --> Error connecting to the database: Exception: Unable to open database: unable to open database file in /home/nofy/Documents/SI-IHM/Examen-Final-S4/Simulateur-Mobile-Money/system/Database/SQLite3/Connection.php:111
Stack trace:
#0 /home/nofy/Documents/SI-IHM/Examen-Final-S4/Simulateur-Mobile-Money/system/Database/SQLite3/Connection.php(111): SQLite3->__construct()
#1 /home/nofy/Documents/SI-IHM/Examen-Final-S4/Simulateur-Mobile-Money/system/Database/BaseConnection.php(555): CodeIgniter\Database\SQLite3\Connection->connect()
#2 /home/nofy/Documents/SI-IHM/Examen-Final-S4/Simulateur-Mobile-Money/system/Database/SQLite3/Connection.php(74): CodeIgniter\Database\BaseConnection->initialize()
#3 /home/nofy/Documents/SI-IHM/Examen-Final-S4/Simulateur-Mobile-Money/system/Database/BaseConnection.php(795): CodeIgniter\Database\SQLite3\Connection->initialize()
#4 /home/nofy/Documents/SI-IHM/Examen-Final-S4/Simulateur-Mobile-Money/system/Database/BaseBuilder.php(1649): CodeIgniter\Database\BaseConnection->query()
#5 /home/nofy/Documents/SI-IHM/Examen-Final-S4/Simulateur-Mobile-Money/system/Model.php(253): CodeIgniter\Database\BaseBuilder->get()
#6 /home/nofy/Documents/SI-IHM/Examen-Final-S4/Simulateur-Mobile-Money/system/BaseModel.php(676): CodeIgniter\Model->doFindAll()
#7 /home/nofy/Documents/SI-IHM/Examen-Final-S4/Simulateur-Mobile-Money/app/Controllers/AuthController.php(26): CodeIgniter\BaseModel->findAll()
#8 /home/nofy/Documents/SI-IHM/Examen-Final-S4/Simulateur-Mobile-Money/system/CodeIgniter.php(951): App\Controllers\AuthController->login()
#9 /home/nofy/Documents/SI-IHM/Examen-Final-S4/Simulateur-Mobile-Money/system/CodeIgniter.php(497): CodeIgniter\CodeIgniter->runController()
#10 /home/nofy/Documents/SI-IHM/Examen-Final-S4/Simulateur-Mobile-Money/system/CodeIgniter.php(340): CodeIgniter\CodeIgniter->handleRequest()
#11 /home/nofy/Documents/SI-IHM/Examen-Final-S4/Simulateur-Mobile-Money/system/Boot.php(417): CodeIgniter\CodeIgniter->run()
#12 /home/nofy/Documents/SI-IHM/Examen-Final-S4/Simulateur-Mobile-Money/system/Boot.php(68): CodeIgniter\Boot::runCodeIgniter()
#13 /home/nofy/Documents/SI-IHM/Examen-Final-S4/Simulateur-Mobile-Money/public/index.php(59): CodeIgniter\Boot::bootWeb()
#14 /home/nofy/Documents/SI-IHM/Examen-Final-S4/Simulateur-Mobile-Money/system/rewrite.php(44): require_once('...')
#15 {main}

Next CodeIgniter\Database\Exceptions\DatabaseException: SQLite3 error: Unable to open database: unable to open database file in /home/nofy/Documents/SI-IHM/Examen-Final-S4/Simulateur-Mobile-Money/system/Database/SQLite3/Connection.php:118
Stack trace:
#0 /home/nofy/Documents/SI-IHM/Examen-Final-S4/Simulateur-Mobile-Money/system/Database/BaseConnection.php(555): CodeIgniter\Database\SQLite3\Connection->connect()
#1 /home/nofy/Documents/SI-IHM/Examen-Final-S4/Simulateur-Mobile-Money/system/Database/SQLite3/Connection.php(74): CodeIgniter\Database\BaseConnection->initialize()
#2 /home/nofy/Documents/SI-IHM/Examen-Final-S4/Simulateur-Mobile-Money/system/Database/BaseConnection.php(795): CodeIgniter\Database\SQLite3\Connection->initialize()
#3 /home/nofy/Documents/SI-IHM/Examen-Final-S4/Simulateur-Mobile-Money/system/Database/BaseBuilder.php(1649): CodeIgniter\Database\BaseConnection->query()
#4 /home/nofy/Documents/SI-IHM/Examen-Final-S4/Simulateur-Mobile-Money/system/Model.php(253): CodeIgniter\Database\BaseBuilder->get()
#5 /home/nofy/Documents/SI-IHM/Examen-Final-S4/Simulateur-Mobile-Money/system/BaseModel.php(676): CodeIgniter\Model->doFindAll()
#6 /home/nofy/Documents/SI-IHM/Examen-Final-S4/Simulateur-Mobile-Money/app/Controllers/AuthController.php(26): CodeIgniter\BaseModel->findAll()
#7 /home/nofy/Documents/SI-IHM/Examen-Final-S4/Simulateur-Mobile-Money/system/CodeIgniter.php(951): App\Controllers\AuthController->login()
#8 /home/nofy/Documents/SI-IHM/Examen-Final-S4/Simulateur-Mobile-Money/system/CodeIgniter.php(497): CodeIgniter\CodeIgniter->runController()
#9 /home/nofy/Documents/SI-IHM/Examen-Final-S4/Simulateur-Mobile-Money/system/CodeIgniter.php(340): CodeIgniter\CodeIgniter->handleRequest()
#10 /home/nofy/Documents/SI-IHM/Examen-Final-S4/Simulateur-Mobile-Money/system/Boot.php(417): CodeIgniter\CodeIgniter->run()
#11 /home/nofy/Documents/SI-IHM/Examen-Final-S4/Simulateur-Mobile-Money/system/Boot.php(68): CodeIgniter\Boot::runCodeIgniter()
#12 /home/nofy/Documents/SI-IHM/Examen-Final-S4/Simulateur-Mobile-Money/public/index.php(59): CodeIgniter\Boot::bootWeb()
#13 /home/nofy/Documents/SI-IHM/Examen-Final-S4/Simulateur-Mobile-Money/system/rewrite.php(44): require_once('...')
#14 {main}
CRITICAL - 2026-07-20 09:22:46 --> CodeIgniter\Database\Exceptions\DatabaseException: Unable to connect to the database.
Main connection [SQLite3]: SQLite3 error: Unable to open database: unable to open database file
[Method: POST, Route: auth/login]
in SYSTEMPATH/Database/BaseConnection.php on line 606.
 1 SYSTEMPATH/Database/SQLite3/Connection.php(74): CodeIgniter\Database\BaseConnection->initialize()
 2 SYSTEMPATH/Database/BaseConnection.php(795): CodeIgniter\Database\SQLite3\Connection->initialize()
 3 SYSTEMPATH/Database/BaseBuilder.php(1649): CodeIgniter\Database\BaseConnection->query()
 4 SYSTEMPATH/Model.php(253): CodeIgniter\Database\BaseBuilder->get()
 5 SYSTEMPATH/BaseModel.php(676): CodeIgniter\Model->doFindAll()
 6 APPPATH/Controllers/AuthController.php(26): CodeIgniter\BaseModel->findAll()
 7 SYSTEMPATH/CodeIgniter.php(951): App\Controllers\AuthController->login()
 8 SYSTEMPATH/CodeIgniter.php(497): CodeIgniter\CodeIgniter->runController()
 9 SYSTEMPATH/CodeIgniter.php(340): CodeIgniter\CodeIgniter->handleRequest()
10 SYSTEMPATH/Boot.php(417): CodeIgniter\CodeIgniter->run()
11 SYSTEMPATH/Boot.php(68): CodeIgniter\Boot::runCodeIgniter()
12 FCPATH/index.php(59): CodeIgniter\Boot::bootWeb()
13 SYSTEMPATH/rewrite.php(44): require_once('/home/nofy/Documents/SI-IHM/Examen-Final-S4/Simulateur-Mobile-Money/public/index.php')
ERROR - 2026-07-20 09:23:41 --> Error connecting to the database: Exception: Unable to open database: unable to open database file in /home/nofy/Documents/SI-IHM/Examen-Final-S4/Simulateur-Mobile-Money/system/Database/SQLite3/Connection.php:111
Stack trace:
#0 /home/nofy/Documents/SI-IHM/Examen-Final-S4/Simulateur-Mobile-Money/system/Database/SQLite3/Connection.php(111): SQLite3->__construct()
#1 /home/nofy/Documents/SI-IHM/Examen-Final-S4/Simulateur-Mobile-Money/system/Database/BaseConnection.php(555): CodeIgniter\Database\SQLite3\Connection->connect()
#2 /home/nofy/Documents/SI-IHM/Examen-Final-S4/Simulateur-Mobile-Money/system/Database/SQLite3/Connection.php(74): CodeIgniter\Database\BaseConnection->initialize()
#3 /home/nofy/Documents/SI-IHM/Examen-Final-S4/Simulateur-Mobile-Money/system/Database/BaseConnection.php(795): CodeIgniter\Database\SQLite3\Connection->initialize()
#4 /home/nofy/Documents/SI-IHM/Examen-Final-S4/Simulateur-Mobile-Money/system/Database/BaseBuilder.php(1649): CodeIgniter\Database\BaseConnection->query()
#5 /home/nofy/Documents/SI-IHM/Examen-Final-S4/Simulateur-Mobile-Money/system/Model.php(253): CodeIgniter\Database\BaseBuilder->get()
#6 /home/nofy/Documents/SI-IHM/Examen-Final-S4/Simulateur-Mobile-Money/system/BaseModel.php(676): CodeIgniter\Model->doFindAll()
#7 /home/nofy/Documents/SI-IHM/Examen-Final-S4/Simulateur-Mobile-Money/app/Controllers/AuthController.php(26): CodeIgniter\BaseModel->findAll()
#8 /home/nofy/Documents/SI-IHM/Examen-Final-S4/Simulateur-Mobile-Money/system/CodeIgniter.php(951): App\Controllers\AuthController->login()
#9 /home/nofy/Documents/SI-IHM/Examen-Final-S4/Simulateur-Mobile-Money/system/CodeIgniter.php(497): CodeIgniter\CodeIgniter->runController()
#10 /home/nofy/Documents/SI-IHM/Examen-Final-S4/Simulateur-Mobile-Money/system/CodeIgniter.php(340): CodeIgniter\CodeIgniter->handleRequest()
#11 /home/nofy/Documents/SI-IHM/Examen-Final-S4/Simulateur-Mobile-Money/system/Boot.php(417): CodeIgniter\CodeIgniter->run()
#12 /home/nofy/Documents/SI-IHM/Examen-Final-S4/Simulateur-Mobile-Money/system/Boot.php(68): CodeIgniter\Boot::runCodeIgniter()
#13 /home/nofy/Documents/SI-IHM/Examen-Final-S4/Simulateur-Mobile-Money/public/index.php(59): CodeIgniter\Boot::bootWeb()
#14 /home/nofy/Documents/SI-IHM/Examen-Final-S4/Simulateur-Mobile-Money/system/rewrite.php(44): require_once('...')
#15 {main}

Next CodeIgniter\Database\Exceptions\DatabaseException: SQLite3 error: Unable to open database: unable to open database file in /home/nofy/Documents/SI-IHM/Examen-Final-S4/Simulateur-Mobile-Money/system/Database/SQLite3/Connection.php:118
Stack trace:
#0 /home/nofy/Documents/SI-IHM/Examen-Final-S4/Simulateur-Mobile-Money/system/Database/BaseConnection.php(555): CodeIgniter\Database\SQLite3\Connection->connect()
#1 /home/nofy/Documents/SI-IHM/Examen-Final-S4/Simulateur-Mobile-Money/system/Database/SQLite3/Connection.php(74): CodeIgniter\Database\BaseConnection->initialize()
#2 /home/nofy/Documents/SI-IHM/Examen-Final-S4/Simulateur-Mobile-Money/system/Database/BaseConnection.php(795): CodeIgniter\Database\SQLite3\Connection->initialize()
#3 /home/nofy/Documents/SI-IHM/Examen-Final-S4/Simulateur-Mobile-Money/system/Database/BaseBuilder.php(1649): CodeIgniter\Database\BaseConnection->query()
#4 /home/nofy/Documents/SI-IHM/Examen-Final-S4/Simulateur-Mobile-Money/system/Model.php(253): CodeIgniter\Database\BaseBuilder->get()
#5 /home/nofy/Documents/SI-IHM/Examen-Final-S4/Simulateur-Mobile-Money/system/BaseModel.php(676): CodeIgniter\Model->doFindAll()
#6 /home/nofy/Documents/SI-IHM/Examen-Final-S4/Simulateur-Mobile-Money/app/Controllers/AuthController.php(26): CodeIgniter\BaseModel->findAll()
#7 /home/nofy/Documents/SI-IHM/Examen-Final-S4/Simulateur-Mobile-Money/system/CodeIgniter.php(951): App\Controllers\AuthController->login()
#8 /home/nofy/Documents/SI-IHM/Examen-Final-S4/Simulateur-Mobile-Money/system/CodeIgniter.php(497): CodeIgniter\CodeIgniter->runController()
#9 /home/nofy/Documents/SI-IHM/Examen-Final-S4/Simulateur-Mobile-Money/system/CodeIgniter.php(340): CodeIgniter\CodeIgniter->handleRequest()
#10 /home/nofy/Documents/SI-IHM/Examen-Final-S4/Simulateur-Mobile-Money/system/Boot.php(417): CodeIgniter\CodeIgniter->run()
#11 /home/nofy/Documents/SI-IHM/Examen-Final-S4/Simulateur-Mobile-Money/system/Boot.php(68): CodeIgniter\Boot::runCodeIgniter()
#12 /home/nofy/Documents/SI-IHM/Examen-Final-S4/Simulateur-Mobile-Money/public/index.php(59): CodeIgniter\Boot::bootWeb()
#13 /home/nofy/Documents/SI-IHM/Examen-Final-S4/Simulateur-Mobile-Money/system/rewrite.php(44): require_once('...')
#14 {main}
CRITICAL - 2026-07-20 09:23:41 --> CodeIgniter\Database\Exceptions\DatabaseException: Unable to connect to the database.
Main connection [SQLite3]: SQLite3 error: Unable to open database: unable to open database file
[Method: POST, Route: auth/login]
in SYSTEMPATH/Database/BaseConnection.php on line 606.
 1 SYSTEMPATH/Database/SQLite3/Connection.php(74): CodeIgniter\Database\BaseConnection->initialize()
 2 SYSTEMPATH/Database/BaseConnection.php(795): CodeIgniter\Database\SQLite3\Connection->initialize()
 3 SYSTEMPATH/Database/BaseBuilder.php(1649): CodeIgniter\Database\BaseConnection->query()
 4 SYSTEMPATH/Model.php(253): CodeIgniter\Database\BaseBuilder->get()
 5 SYSTEMPATH/BaseModel.php(676): CodeIgniter\Model->doFindAll()
 6 APPPATH/Controllers/AuthController.php(26): CodeIgniter\BaseModel->findAll()
 7 SYSTEMPATH/CodeIgniter.php(951): App\Controllers\AuthController->login()
 8 SYSTEMPATH/CodeIgniter.php(497): CodeIgniter\CodeIgniter->runController()
 9 SYSTEMPATH/CodeIgniter.php(340): CodeIgniter\CodeIgniter->handleRequest()
10 SYSTEMPATH/Boot.php(417): CodeIgniter\CodeIgniter->run()
11 SYSTEMPATH/Boot.php(68): CodeIgniter\Boot::runCodeIgniter()
12 FCPATH/index.php(59): CodeIgniter\Boot::bootWeb()
13 SYSTEMPATH/rewrite.php(44): require_once('/home/nofy/Documents/SI-IHM/Examen-Final-S4/Simulateur-Mobile-Money/public/index.php')
ERROR - 2026-07-20 09:27:26 --> Error connecting to the database: Exception: Unable to open database: unable to open database file in /home/nofy/Documents/SI-IHM/Examen-Final-S4/Simulateur-Mobile-Money/system/Database/SQLite3/Connection.php:111
Stack trace:
#0 /home/nofy/Documents/SI-IHM/Examen-Final-S4/Simulateur-Mobile-Money/system/Database/SQLite3/Connection.php(111): SQLite3->__construct()
#1 /home/nofy/Documents/SI-IHM/Examen-Final-S4/Simulateur-Mobile-Money/system/Database/BaseConnection.php(555): CodeIgniter\Database\SQLite3\Connection->connect()
#2 /home/nofy/Documents/SI-IHM/Examen-Final-S4/Simulateur-Mobile-Money/system/Database/SQLite3/Connection.php(74): CodeIgniter\Database\BaseConnection->initialize()
#3 /home/nofy/Documents/SI-IHM/Examen-Final-S4/Simulateur-Mobile-Money/system/Database/BaseConnection.php(795): CodeIgniter\Database\SQLite3\Connection->initialize()
#4 /home/nofy/Documents/SI-IHM/Examen-Final-S4/Simulateur-Mobile-Money/system/Database/BaseBuilder.php(1649): CodeIgniter\Database\BaseConnection->query()
#5 /home/nofy/Documents/SI-IHM/Examen-Final-S4/Simulateur-Mobile-Money/system/Model.php(253): CodeIgniter\Database\BaseBuilder->get()
#6 /home/nofy/Documents/SI-IHM/Examen-Final-S4/Simulateur-Mobile-Money/system/BaseModel.php(676): CodeIgniter\Model->doFindAll()
#7 /home/nofy/Documents/SI-IHM/Examen-Final-S4/Simulateur-Mobile-Money/app/Controllers/AuthController.php(26): CodeIgniter\BaseModel->findAll()
#8 /home/nofy/Documents/SI-IHM/Examen-Final-S4/Simulateur-Mobile-Money/system/CodeIgniter.php(951): App\Controllers\AuthController->login()
#9 /home/nofy/Documents/SI-IHM/Examen-Final-S4/Simulateur-Mobile-Money/system/CodeIgniter.php(497): CodeIgniter\CodeIgniter->runController()
#10 /home/nofy/Documents/SI-IHM/Examen-Final-S4/Simulateur-Mobile-Money/system/CodeIgniter.php(340): CodeIgniter\CodeIgniter->handleRequest()
#11 /home/nofy/Documents/SI-IHM/Examen-Final-S4/Simulateur-Mobile-Money/system/Boot.php(417): CodeIgniter\CodeIgniter->run()
#12 /home/nofy/Documents/SI-IHM/Examen-Final-S4/Simulateur-Mobile-Money/system/Boot.php(68): CodeIgniter\Boot::runCodeIgniter()
#13 /home/nofy/Documents/SI-IHM/Examen-Final-S4/Simulateur-Mobile-Money/public/index.php(59): CodeIgniter\Boot::bootWeb()
#14 /home/nofy/Documents/SI-IHM/Examen-Final-S4/Simulateur-Mobile-Money/system/rewrite.php(44): require_once('...')
#15 {main}

Next CodeIgniter\Database\Exceptions\DatabaseException: SQLite3 error: Unable to open database: unable to open database file in /home/nofy/Documents/SI-IHM/Examen-Final-S4/Simulateur-Mobile-Money/system/Database/SQLite3/Connection.php:118
Stack trace:
#0 /home/nofy/Documents/SI-IHM/Examen-Final-S4/Simulateur-Mobile-Money/system/Database/BaseConnection.php(555): CodeIgniter\Database\SQLite3\Connection->connect()
#1 /home/nofy/Documents/SI-IHM/Examen-Final-S4/Simulateur-Mobile-Money/system/Database/SQLite3/Connection.php(74): CodeIgniter\Database\BaseConnection->initialize()
#2 /home/nofy/Documents/SI-IHM/Examen-Final-S4/Simulateur-Mobile-Money/system/Database/BaseConnection.php(795): CodeIgniter\Database\SQLite3\Connection->initialize()
#3 /home/nofy/Documents/SI-IHM/Examen-Final-S4/Simulateur-Mobile-Money/system/Database/BaseBuilder.php(1649): CodeIgniter\Database\BaseConnection->query()
#4 /home/nofy/Documents/SI-IHM/Examen-Final-S4/Simulateur-Mobile-Money/system/Model.php(253): CodeIgniter\Database\BaseBuilder->get()
#5 /home/nofy/Documents/SI-IHM/Examen-Final-S4/Simulateur-Mobile-Money/system/BaseModel.php(676): CodeIgniter\Model->doFindAll()
#6 /home/nofy/Documents/SI-IHM/Examen-Final-S4/Simulateur-Mobile-Money/app/Controllers/AuthController.php(26): CodeIgniter\BaseModel->findAll()
#7 /home/nofy/Documents/SI-IHM/Examen-Final-S4/Simulateur-Mobile-Money/system/CodeIgniter.php(951): App\Controllers\AuthController->login()
#8 /home/nofy/Documents/SI-IHM/Examen-Final-S4/Simulateur-Mobile-Money/system/CodeIgniter.php(497): CodeIgniter\CodeIgniter->runController()
#9 /home/nofy/Documents/SI-IHM/Examen-Final-S4/Simulateur-Mobile-Money/system/CodeIgniter.php(340): CodeIgniter\CodeIgniter->handleRequest()
#10 /home/nofy/Documents/SI-IHM/Examen-Final-S4/Simulateur-Mobile-Money/system/Boot.php(417): CodeIgniter\CodeIgniter->run()
#11 /home/nofy/Documents/SI-IHM/Examen-Final-S4/Simulateur-Mobile-Money/system/Boot.php(68): CodeIgniter\Boot::runCodeIgniter()
#12 /home/nofy/Documents/SI-IHM/Examen-Final-S4/Simulateur-Mobile-Money/public/index.php(59): CodeIgniter\Boot::bootWeb()
#13 /home/nofy/Documents/SI-IHM/Examen-Final-S4/Simulateur-Mobile-Money/system/rewrite.php(44): require_once('...')
#14 {main}
CRITICAL - 2026-07-20 09:27:26 --> CodeIgniter\Database\Exceptions\DatabaseException: Unable to connect to the database.
Main connection [SQLite3]: SQLite3 error: Unable to open database: unable to open database file
[Method: POST, Route: auth/login]
in SYSTEMPATH/Database/BaseConnection.php on line 606.
 1 SYSTEMPATH/Database/SQLite3/Connection.php(74): CodeIgniter\Database\BaseConnection->initialize()
 2 SYSTEMPATH/Database/BaseConnection.php(795): CodeIgniter\Database\SQLite3\Connection->initialize()
 3 SYSTEMPATH/Database/BaseBuilder.php(1649): CodeIgniter\Database\BaseConnection->query()
 4 SYSTEMPATH/Model.php(253): CodeIgniter\Database\BaseBuilder->get()
 5 SYSTEMPATH/BaseModel.php(676): CodeIgniter\Model->doFindAll()
 6 APPPATH/Controllers/AuthController.php(26): CodeIgniter\BaseModel->findAll()
 7 SYSTEMPATH/CodeIgniter.php(951): App\Controllers\AuthController->login()
 8 SYSTEMPATH/CodeIgniter.php(497): CodeIgniter\CodeIgniter->runController()
 9 SYSTEMPATH/CodeIgniter.php(340): CodeIgniter\CodeIgniter->handleRequest()
10 SYSTEMPATH/Boot.php(417): CodeIgniter\CodeIgniter->run()
11 SYSTEMPATH/Boot.php(68): CodeIgniter\Boot::runCodeIgniter()
12 FCPATH/index.php(59): CodeIgniter\Boot::bootWeb()
13 SYSTEMPATH/rewrite.php(44): require_once('/home/nofy/Documents/SI-IHM/Examen-Final-S4/Simulateur-Mobile-Money/public/index.php')
DEBUG - 2026-07-20 09:28:40 --> Session: Class initialized using 'CodeIgniter\Session\Handlers\FileHandler' driver.
DEBUG - 2026-07-20 09:28:40 --> Session: Class initialized using 'CodeIgniter\Session\Handlers\FileHandler' driver.
DEBUG - 2026-07-20 09:28:47 --> Session: Class initialized using 'CodeIgniter\Session\Handlers\FileHandler' driver.
DEBUG - 2026-07-20 09:28:47 --> Session: Class initialized using 'CodeIgniter\Session\Handlers\FileHandler' driver.
DEBUG - 2026-07-20 09:28:59 --> Session: Class initialized using 'CodeIgniter\Session\Handlers\FileHandler' driver.
DEBUG - 2026-07-20 09:28:59 --> Session: Class initialized using 'CodeIgniter\Session\Handlers\FileHandler' driver.
CRITICAL - 2026-07-20 09:28:59 --> CodeIgniter\View\Exceptions\ViewException: Invalid file: "client/dashboard.php"
[Method: GET, Route: client/dashboard]
in SYSTEMPATH/Exceptions/FrameworkException.php on line 39.
 1 SYSTEMPATH/View/View.php(228): CodeIgniter\Exceptions\FrameworkException::forInvalidFile()
 2 SYSTEMPATH/Common.php(1250): CodeIgniter\View\View->render()
 3 APPPATH/Controllers/ClientController.php(44): view()
 4 SYSTEMPATH/CodeIgniter.php(951): App\Controllers\ClientController->dashboard()
 5 SYSTEMPATH/CodeIgniter.php(497): CodeIgniter\CodeIgniter->runController()
 6 SYSTEMPATH/CodeIgniter.php(340): CodeIgniter\CodeIgniter->handleRequest()
 7 SYSTEMPATH/Boot.php(417): CodeIgniter\CodeIgniter->run()
 8 SYSTEMPATH/Boot.php(68): CodeIgniter\Boot::runCodeIgniter()
 9 FCPATH/index.php(59): CodeIgniter\Boot::bootWeb()
10 SYSTEMPATH/rewrite.php(44): require_once('/home/nofy/Documents/SI-IHM/Examen-Final-S4/Simulateur-Mobile-Money/public/index.php')
DEBUG - 2026-07-20 09:33:14 --> Session: Class initialized using 'CodeIgniter\Session\Handlers\FileHandler' driver.
DEBUG - 2026-07-20 09:33:35 --> Session: Class initialized using 'CodeIgniter\Session\Handlers\FileHandler' driver.
DEBUG - 2026-07-20 09:33:35 --> Session: Class initialized using 'CodeIgniter\Session\Handlers\FileHandler' driver.
DEBUG - 2026-07-20 09:33:38 --> Session: Class initialized using 'CodeIgniter\Session\Handlers\FileHandler' driver.
DEBUG - 2026-07-20 09:33:38 --> Session: Class initialized using 'CodeIgniter\Session\Handlers\FileHandler' driver.
DEBUG - 2026-07-20 09:33:41 --> Session: Class initialized using 'CodeIgniter\Session\Handlers\FileHandler' driver.
DEBUG - 2026-07-20 09:33:41 --> Session: Class initialized using 'CodeIgniter\Session\Handlers\FileHandler' driver.
DEBUG - 2026-07-20 09:34:27 --> Session: Class initialized using 'CodeIgniter\Session\Handlers\FileHandler' driver.
DEBUG - 2026-07-20 09:40:53 --> Session: Class initialized using 'CodeIgniter\Session\Handlers\FileHandler' driver.
DEBUG - 2026-07-20 09:41:05 --> Session: Class initialized using 'CodeIgniter\Session\Handlers\FileHandler' driver.
DEBUG - 2026-07-20 09:41:10 --> Session: Class initialized using 'CodeIgniter\Session\Handlers\FileHandler' driver.
DEBUG - 2026-07-20 09:41:14 --> Session: Class initialized using 'CodeIgniter\Session\Handlers\FileHandler' driver.
DEBUG - 2026-07-20 09:41:17 --> Session: Class initialized using 'CodeIgniter\Session\Handlers\FileHandler' driver.
DEBUG - 2026-07-20 09:41:17 --> Session: Class initialized using 'CodeIgniter\Session\Handlers\FileHandler' driver.
DEBUG - 2026-07-20 09:41:26 --> Session: Class initialized using 'CodeIgniter\Session\Handlers\FileHandler' driver.
DEBUG - 2026-07-20 09:41:26 --> Session: Class initialized using 'CodeIgniter\Session\Handlers\FileHandler' driver.
DEBUG - 2026-07-20 09:41:29 --> Session: Class initialized using 'CodeIgniter\Session\Handlers\FileHandler' driver.
DEBUG - 2026-07-20 09:41:29 --> Session: Class initialized using 'CodeIgniter\Session\Handlers\FileHandler' driver.
DEBUG - 2026-07-20 09:41:37 --> Session: Class initialized using 'CodeIgniter\Session\Handlers\FileHandler' driver.
DEBUG - 2026-07-20 09:41:37 --> Session: Class initialized using 'CodeIgniter\Session\Handlers\FileHandler' driver.
DEBUG - 2026-07-20 09:41:41 --> Session: Class initialized using 'CodeIgniter\Session\Handlers\FileHandler' driver.
DEBUG - 2026-07-20 09:41:41 --> Session: Class initialized using 'CodeIgniter\Session\Handlers\FileHandler' driver.
DEBUG - 2026-07-20 09:41:56 --> Session: Class initialized using 'CodeIgniter\Session\Handlers\FileHandler' driver.
DEBUG - 2026-07-20 09:41:56 --> Session: Class initialized using 'CodeIgniter\Session\Handlers\FileHandler' driver.
DEBUG - 2026-07-20 09:42:48 --> Session: Class initialized using 'CodeIgniter\Session\Handlers\FileHandler' driver.
DEBUG - 2026-07-20 09:42:56 --> Session: Class initialized using 'CodeIgniter\Session\Handlers\FileHandler' driver.
DEBUG - 2026-07-20 09:42:56 --> Session: Class initialized using 'CodeIgniter\Session\Handlers\FileHandler' driver.
DEBUG - 2026-07-20 09:43:36 --> Session: Class initialized using 'CodeIgniter\Session\Handlers\FileHandler' driver.
DEBUG - 2026-07-20 09:43:36 --> Session: Class initialized using 'CodeIgniter\Session\Handlers\FileHandler' driver.
DEBUG - 2026-07-20 09:45:17 --> Session: Class initialized using 'CodeIgniter\Session\Handlers\FileHandler' driver.
DEBUG - 2026-07-20 09:45:17 --> Session: Class initialized using 'CodeIgniter\Session\Handlers\FileHandler' driver.
DEBUG - 2026-07-20 09:45:40 --> Session: Class initialized using 'CodeIgniter\Session\Handlers\FileHandler' driver.
DEBUG - 2026-07-20 09:47:56 --> Session: Class initialized using 'CodeIgniter\Session\Handlers\FileHandler' driver.
DEBUG - 2026-07-20 09:47:59 --> Session: Class initialized using 'CodeIgniter\Session\Handlers\FileHandler' driver.
DEBUG - 2026-07-20 09:47:59 --> Session: Class initialized using 'CodeIgniter\Session\Handlers\FileHandler' driver.
DEBUG - 2026-07-20 09:54:54 --> Session: Class initialized using 'CodeIgniter\Session\Handlers\FileHandler' driver.
DEBUG - 2026-07-20 09:55:40 --> Session: Class initialized using 'CodeIgniter\Session\Handlers\FileHandler' driver.
DEBUG - 2026-07-20 09:55:41 --> Session: Class initialized using 'CodeIgniter\Session\Handlers\FileHandler' driver.
DEBUG - 2026-07-20 09:55:41 --> Session: Class initialized using 'CodeIgniter\Session\Handlers\FileHandler' driver.
DEBUG - 2026-07-20 09:55:43 --> Session: Class initialized using 'CodeIgniter\Session\Handlers\FileHandler' driver.
DEBUG - 2026-07-20 09:55:46 --> Session: Class initialized using 'CodeIgniter\Session\Handlers\FileHandler' driver.
DEBUG - 2026-07-20 09:55:46 --> Session: Class initialized using 'CodeIgniter\Session\Handlers\FileHandler' driver.
DEBUG - 2026-07-20 09:56:58 --> Session: Class initialized using 'CodeIgniter\Session\Handlers\FileHandler' driver.
DEBUG - 2026-07-20 09:57:02 --> Session: Class initialized using 'CodeIgniter\Session\Handlers\FileHandler' driver.
DEBUG - 2026-07-20 09:57:02 --> Session: Class initialized using 'CodeIgniter\Session\Handlers\FileHandler' driver.
DEBUG - 2026-07-20 09:57:10 --> Session: Class initialized using 'CodeIgniter\Session\Handlers\FileHandler' driver.
DEBUG - 2026-07-20 09:57:10 --> Session: Class initialized using 'CodeIgniter\Session\Handlers\FileHandler' driver.
DEBUG - 2026-07-20 09:57:13 --> Session: Class initialized using 'CodeIgniter\Session\Handlers\FileHandler' driver.
DEBUG - 2026-07-20 09:57:13 --> Session: Class initialized using 'CodeIgniter\Session\Handlers\FileHandler' driver.
DEBUG - 2026-07-20 10:00:22 --> Session: Class initialized using 'CodeIgniter\Session\Handlers\FileHandler' driver.
DEBUG - 2026-07-20 10:00:27 --> Session: Class initialized using 'CodeIgniter\Session\Handlers\FileHandler' driver.
DEBUG - 2026-07-20 10:00:27 --> Session: Class initialized using 'CodeIgniter\Session\Handlers\FileHandler' driver.
DEBUG - 2026-07-20 10:00:41 --> Session: Class initialized using 'CodeIgniter\Session\Handlers\FileHandler' driver.
DEBUG - 2026-07-20 10:00:43 --> Session: Class initialized using 'CodeIgniter\Session\Handlers\FileHandler' driver.
DEBUG - 2026-07-20 10:00:46 --> Session: Class initialized using 'CodeIgniter\Session\Handlers\FileHandler' driver.
DEBUG - 2026-07-20 10:00:46 --> Session: Class initialized using 'CodeIgniter\Session\Handlers\FileHandler' driver.
